<?xml version="1.0" encoding="UTF-8"?>
<testng-results ignored="1" total="2" passed="1" failed="0" skipped="0">
  <reporter-output>
  </reporter-output>
  <suite started-at="2022-04-26T13:25:59 IST" name="Regression" finished-at="2022-04-26T13:25:59 IST" duration-ms="107">
    <groups>
    </groups>
    <test started-at="2022-04-26T13:25:59 IST" name="Test" finished-at="2022-04-26T13:25:59 IST" duration-ms="107">
      <class name="Test.Test1">
        <test-method signature="sample()[pri:0, instance:Test.Test1@61386958]" started-at="2022-04-26T13:25:59 IST" name="sample" finished-at="2022-04-26T13:25:59 IST" duration-ms="18" status="PASS">
          <reporter-output>
          </reporter-output>
        </test-method> <!-- sample -->
      </class> <!-- Test.Test1 -->
    </test> <!-- Test -->
  </suite> <!-- Regression -->
</testng-results>
